<?xml version="1.0" encoding="UTF-8"?>
<testng-results skipped="0" failed="0" ignored="0" total="1" passed="1">
  <reporter-output>
  </reporter-output>
  <suite name="Default suite" duration-ms="11702" started-at="2018-07-11T01:56:59Z" finished-at="2018-07-11T01:57:11Z">
    <groups>
    </groups>
    <test name="Default test" duration-ms="11702" started-at="2018-07-11T01:56:59Z" finished-at="2018-07-11T01:57:11Z">
      <class name="WebPages.WebLoginPage">
        <test-method status="PASS" signature="setUp()[pri:0, instance:WebPages.WebLoginPage@7d9d1a19]" name="setUp" is-config="true" duration-ms="4246" started-at="2018-07-11T01:56:59Z" finished-at="2018-07-11T01:57:03Z">
          <reporter-output>
          </reporter-output>
        </test-method> <!-- setUp -->
        <test-method status="PASS" signature="positiveloginTest()[pri:0, instance:WebPages.WebLoginPage@7d9d1a19]" name="positiveloginTest" duration-ms="7426" started-at="2018-07-11T01:57:03Z" finished-at="2018-07-11T01:57:11Z">
          <reporter-output>
          </reporter-output>
        </test-method> <!-- positiveloginTest -->
      </class> <!-- WebPages.WebLoginPage -->
    </test> <!-- Default test -->
  </suite> <!-- Default suite -->
</testng-results>
